2024-09-09 13:55:43,137 [Worker-8: Loading available Gradle versions] INFO  o.e.b.c.i.u.g.PublishedGradleVersions - Gradle version information cache is up-to-date. Trying to read.
2024-09-09 13:57:27,229 [Worker-24: Importing Maven projects] INFO  o.e.m.c.i.l.LifecycleMappingFactory - Using org.eclipse.m2e.jdt.JarLifecycleMapping lifecycle mapping for MavenProject: com.example:eureka-server:0.0.1-SNAPSHOT @ C:\Users\akash\Desktop\capstone project\backend\eureka-server\eureka-server\pom.xml.
2024-09-09 13:57:38,727 [Worker-24: Importing Maven projects] INFO  o.e.m.j.i.AbstractJavaProjectConfigurator - Adding source folder /eureka-server/src/main/java
2024-09-09 13:57:38,732 [Worker-24: Importing Maven projects] INFO  o.e.m.j.i.AbstractJavaProjectConfigurator - Adding resource folder /eureka-server/src/main/resources
2024-09-09 13:57:38,752 [Worker-24: Importing Maven projects] INFO  o.e.m.j.i.AbstractJavaProjectConfigurator - Adding resource folder /eureka-server/src/main/resources
2024-09-09 13:57:38,827 [Worker-24: Importing Maven projects] INFO  o.e.m.j.i.AbstractJavaProjectConfigurator - Adding source folder /eureka-server/src/test/java
2024-09-09 13:57:38,834 [Worker-24: Importing Maven projects] INFO  o.e.m.j.i.AbstractJavaProjectConfigurator - Adding resource folder /eureka-server/src/test/resources
2024-09-09 13:57:52,693 [Worker-24: Importing Maven projects] INFO  o.e.m.c.i.p.ProjectConfigurationManager - Imported and configured 1 project(s) in 33 sec
2024-09-09 13:57:54,609 [Worker-24: Building] INFO  o.a.m.s.f.DefaultMavenResourcesFiltering - Copying 1 resource from src\main\resources to target\classes
2024-09-09 13:57:54,662 [Worker-24: Building] INFO  o.a.m.s.f.DefaultMavenResourcesFiltering - Copying 0 resource from src\main\resources to target\classes
2024-09-09 13:57:54,676 [Worker-24: Building] INFO  o.a.m.s.f.DefaultMavenResourcesFiltering - skip non existing resourceDirectory C:\Users\akash\Desktop\capstone project\backend\eureka-server\eureka-server\src\test\resources
2024-09-09 13:58:00,644 [Worker-31: Building] INFO  o.a.m.s.f.DefaultMavenResourcesFiltering - Copying 1 resource from src\main\resources to target\classes
2024-09-09 13:58:00,679 [Worker-31: Building] INFO  o.a.m.s.f.DefaultMavenResourcesFiltering - Copying 0 resource from src\main\resources to target\classes
2024-09-09 13:58:00,687 [Worker-31: Building] INFO  o.a.m.s.f.DefaultMavenResourcesFiltering - skip non existing resourceDirectory C:\Users\akash\Desktop\capstone project\backend\eureka-server\eureka-server\src\test\resources
2024-09-09 13:58:58,306 [Worker-23: Building] INFO  o.a.m.s.f.DefaultMavenResourcesFiltering - Copying 1 resource from src\main\resources to target\classes
2024-09-09 13:58:58,312 [Worker-23: Building] INFO  o.a.m.s.f.DefaultMavenResourcesFiltering - Copying 0 resource from src\main\resources to target\classes
2024-09-09 13:58:58,318 [Worker-23: Building] INFO  o.a.m.s.f.DefaultMavenResourcesFiltering - skip non existing resourceDirectory C:\Users\akash\Desktop\capstone project\backend\eureka-server\eureka-server\src\test\resources
2024-09-09 14:02:53,241 [Worker-31: Importing Maven projects] INFO  o.e.m.c.i.l.LifecycleMappingFactory - Using org.eclipse.m2e.jdt.JarLifecycleMapping lifecycle mapping for MavenProject: com.example:backend-micro-service:0.0.1-SNAPSHOT @ C:\Users\akash\Desktop\capstone project\backend\backend-micro-service\backend-micro-service\pom.xml.
2024-09-09 14:02:53,806 [Worker-31: Importing Maven projects] INFO  o.e.m.c.i.e.AbstractTransferListenerAdapter - Downloading https://repo.maven.apache.org/maven2/org/springframework/boot/spring-boot-starter-data-jpa/3.3.3/spring-boot-starter-data-jpa-3.3.3.pom
2024-09-09 14:02:53,863 [Worker-31: Importing Maven projects] INFO  o.e.m.c.i.e.AbstractTransferListenerAdapter - Downloaded https://repo.maven.apache.org/maven2/org/springframework/boot/spring-boot-starter-data-jpa/3.3.3/spring-boot-starter-data-jpa-3.3.3.pom
2024-09-09 14:02:53,908 [Worker-31: Importing Maven projects] INFO  o.e.m.c.i.e.AbstractTransferListenerAdapter - Downloading https://repo.maven.apache.org/maven2/org/springframework/boot/spring-boot-starter-aop/3.3.3/spring-boot-starter-aop-3.3.3.pom
2024-09-09 14:02:53,940 [Worker-31: Importing Maven projects] INFO  o.e.m.c.i.e.AbstractTransferListenerAdapter - Downloaded https://repo.maven.apache.org/maven2/org/springframework/boot/spring-boot-starter-aop/3.3.3/spring-boot-starter-aop-3.3.3.pom
2024-09-09 14:02:54,160 [Worker-31: Importing Maven projects] INFO  o.e.m.c.i.e.AbstractTransferListenerAdapter - Downloading https://repo.maven.apache.org/maven2/org/springframework/boot/spring-boot-starter-jdbc/3.3.3/spring-boot-starter-jdbc-3.3.3.pom
2024-09-09 14:02:54,208 [Worker-31: Importing Maven projects] INFO  o.e.m.c.i.e.AbstractTransferListenerAdapter - Downloaded https://repo.maven.apache.org/maven2/org/springframework/boot/spring-boot-starter-jdbc/3.3.3/spring-boot-starter-jdbc-3.3.3.pom
2024-09-09 14:02:54,252 [Worker-31: Importing Maven projects] INFO  o.e.m.c.i.e.AbstractTransferListenerAdapter - Downloading https://repo.maven.apache.org/maven2/com/zaxxer/HikariCP/5.1.0/HikariCP-5.1.0.pom
2024-09-09 14:02:54,322 [Worker-31: Importing Maven projects] INFO  o.e.m.c.i.e.AbstractTransferListenerAdapter - Downloaded https://repo.maven.apache.org/maven2/com/zaxxer/HikariCP/5.1.0/HikariCP-5.1.0.pom
2024-09-09 14:02:54,465 [Worker-31: Importing Maven projects] INFO  o.e.m.c.i.e.AbstractTransferListenerAdapter - Downloading https://repo.maven.apache.org/maven2/org/hibernate/orm/hibernate-core/6.5.2.Final/hibernate-core-6.5.2.Final.pom
2024-09-09 14:02:54,518 [Worker-31: Importing Maven projects] INFO  o.e.m.c.i.e.AbstractTransferListenerAdapter - Downloaded https://repo.maven.apache.org/maven2/org/hibernate/orm/hibernate-core/6.5.2.Final/hibernate-core-6.5.2.Final.pom
2024-09-09 14:02:54,883 [Worker-31: Importing Maven projects] INFO  o.e.m.c.i.e.AbstractTransferListenerAdapter - Downloading https://repo.maven.apache.org/maven2/com/fasterxml/classmate/1.7.0/classmate-1.7.0.pom
2024-09-09 14:02:54,930 [Worker-31: Importing Maven projects] INFO  o.e.m.c.i.e.AbstractTransferListenerAdapter - Downloaded https://repo.maven.apache.org/maven2/com/fasterxml/classmate/1.7.0/classmate-1.7.0.pom
2024-09-09 14:02:55,100 [Worker-31: Importing Maven projects] INFO  o.e.m.c.i.e.AbstractTransferListenerAdapter - Downloading https://repo.maven.apache.org/maven2/org/springframework/data/spring-data-jpa/3.3.3/spring-data-jpa-3.3.3.pom
2024-09-09 14:02:55,150 [Worker-31: Importing Maven projects] INFO  o.e.m.c.i.e.AbstractTransferListenerAdapter - Downloaded https://repo.maven.apache.org/maven2/org/springframework/data/spring-data-jpa/3.3.3/spring-data-jpa-3.3.3.pom
2024-09-09 14:02:55,198 [Worker-31: Importing Maven projects] INFO  o.e.m.c.i.e.AbstractTransferListenerAdapter - Downloading https://repo.maven.apache.org/maven2/org/springframework/data/spring-data-jpa-parent/3.3.3/spring-data-jpa-parent-3.3.3.pom
2024-09-09 14:02:55,240 [Worker-31: Importing Maven projects] INFO  o.e.m.c.i.e.AbstractTransferListenerAdapter - Downloaded https://repo.maven.apache.org/maven2/org/springframework/data/spring-data-jpa-parent/3.3.3/spring-data-jpa-parent-3.3.3.pom
2024-09-09 14:02:56,128 [Worker-31: Importing Maven projects] INFO  o.e.m.c.i.e.AbstractTransferListenerAdapter - Downloading https://repo.maven.apache.org/maven2/org/springframework/boot/spring-boot-starter-data-jpa/3.3.3/spring-boot-starter-data-jpa-3.3.3.jar
2024-09-09 14:02:56,187 [Worker-31: Importing Maven projects] INFO  o.e.m.c.i.e.AbstractTransferListenerAdapter - Downloaded https://repo.maven.apache.org/maven2/org/springframework/boot/spring-boot-starter-data-jpa/3.3.3/spring-boot-starter-data-jpa-3.3.3.jar
2024-09-09 14:02:56,219 [BasicRepositoryConnector-repo.maven.apache.org-0-2] INFO  o.e.m.c.i.e.AbstractTransferListenerAdapter - Downloading https://repo.maven.apache.org/maven2/com/zaxxer/HikariCP/5.1.0/HikariCP-5.1.0.jar
2024-09-09 14:02:56,280 [BasicRepositoryConnector-repo.maven.apache.org-0-0] INFO  o.e.m.c.i.e.AbstractTransferListenerAdapter - Downloading https://repo.maven.apache.org/maven2/org/springframework/boot/spring-boot-starter-aop/3.3.3/spring-boot-starter-aop-3.3.3.jar
2024-09-09 14:02:56,290 [BasicRepositoryConnector-repo.maven.apache.org-0-3] INFO  o.e.m.c.i.e.AbstractTransferListenerAdapter - Downloading https://repo.maven.apache.org/maven2/org/hibernate/orm/hibernate-core/6.5.2.Final/hibernate-core-6.5.2.Final.jar
2024-09-09 14:02:56,290 [BasicRepositoryConnector-repo.maven.apache.org-0-1] INFO  o.e.m.c.i.e.AbstractTransferListenerAdapter - Downloading https://repo.maven.apache.org/maven2/org/springframework/boot/spring-boot-starter-jdbc/3.3.3/spring-boot-starter-jdbc-3.3.3.jar
2024-09-09 14:02:56,291 [BasicRepositoryConnector-repo.maven.apache.org-0-4] INFO  o.e.m.c.i.e.AbstractTransferListenerAdapter - Downloading https://repo.maven.apache.org/maven2/com/fasterxml/classmate/1.7.0/classmate-1.7.0.jar
2024-09-09 14:02:56,301 [BasicRepositoryConnector-repo.maven.apache.org-0-2] INFO  o.e.m.c.i.e.AbstractTransferListenerAdapter - Downloaded https://repo.maven.apache.org/maven2/com/zaxxer/HikariCP/5.1.0/HikariCP-5.1.0.jar
2024-09-09 14:02:56,336 [BasicRepositoryConnector-repo.maven.apache.org-0-2] INFO  o.e.m.c.i.e.AbstractTransferListenerAdapter - Downloading https://repo.maven.apache.org/maven2/org/springframework/data/spring-data-jpa/3.3.3/spring-data-jpa-3.3.3.jar
2024-09-09 14:02:56,360 [BasicRepositoryConnector-repo.maven.apache.org-0-0] INFO  o.e.m.c.i.e.AbstractTransferListenerAdapter - Downloaded https://repo.maven.apache.org/maven2/org/springframework/boot/spring-boot-starter-aop/3.3.3/spring-boot-starter-aop-3.3.3.jar
2024-09-09 14:02:56,366 [BasicRepositoryConnector-repo.maven.apache.org-0-4] INFO  o.e.m.c.i.e.AbstractTransferListenerAdapter - Downloaded https://repo.maven.apache.org/maven2/com/fasterxml/classmate/1.7.0/classmate-1.7.0.jar
2024-09-09 14:02:56,367 [BasicRepositoryConnector-repo.maven.apache.org-0-1] INFO  o.e.m.c.i.e.AbstractTransferListenerAdapter - Downloaded https://repo.maven.apache.org/maven2/org/springframework/boot/spring-boot-starter-jdbc/3.3.3/spring-boot-starter-jdbc-3.3.3.jar
2024-09-09 14:02:56,558 [BasicRepositoryConnector-repo.maven.apache.org-0-2] INFO  o.e.m.c.i.e.AbstractTransferListenerAdapter - Downloaded https://repo.maven.apache.org/maven2/org/springframework/data/spring-data-jpa/3.3.3/spring-data-jpa-3.3.3.jar
2024-09-09 14:02:56,796 [BasicRepositoryConnector-repo.maven.apache.org-0-3] INFO  o.e.m.c.i.e.AbstractTransferListenerAdapter - Downloaded https://repo.maven.apache.org/maven2/org/hibernate/orm/hibernate-core/6.5.2.Final/hibernate-core-6.5.2.Final.jar
2024-09-09 14:02:57,316 [Worker-31: Importing Maven projects] INFO  o.e.m.j.i.AbstractJavaProjectConfigurator - Adding source folder /backend-micro-service/src/main/java
2024-09-09 14:02:57,317 [Worker-31: Importing Maven projects] INFO  o.e.m.j.i.AbstractJavaProjectConfigurator - Adding resource folder /backend-micro-service/src/main/resources
2024-09-09 14:02:57,326 [Worker-31: Importing Maven projects] INFO  o.e.m.j.i.AbstractJavaProjectConfigurator - Adding resource folder /backend-micro-service/src/main/resources
2024-09-09 14:02:57,333 [Worker-31: Importing Maven projects] INFO  o.e.m.j.i.AbstractJavaProjectConfigurator - Adding source folder /backend-micro-service/src/test/java
2024-09-09 14:02:57,336 [Worker-31: Importing Maven projects] INFO  o.e.m.j.i.AbstractJavaProjectConfigurator - Adding resource folder /backend-micro-service/src/test/resources
2024-09-09 14:02:58,059 [Worker-24: Download sources and javadoc] INFO  o.e.m.c.i.e.AbstractTransferListenerAdapter - Downloading https://repo.maven.apache.org/maven2/org/springframework/boot/spring-boot-starter-data-jpa/3.3.3/spring-boot-starter-data-jpa-3.3.3-sources.jar
2024-09-09 14:02:58,134 [Worker-24: Download sources and javadoc] INFO  o.e.m.c.i.e.AbstractTransferListenerAdapter - Downloaded https://repo.maven.apache.org/maven2/org/springframework/boot/spring-boot-starter-data-jpa/3.3.3/spring-boot-starter-data-jpa-3.3.3-sources.jar
2024-09-09 14:02:58,142 [Worker-24: Download sources and javadoc] INFO  o.e.m.j.internal.DownloadSourcesJob - Downloaded sources for org.springframework.boot:spring-boot-starter-data-jpa:3.3.3
2024-09-09 14:02:58,249 [Worker-24: Download sources and javadoc] INFO  o.e.m.c.i.e.AbstractTransferListenerAdapter - Downloading https://repo.maven.apache.org/maven2/org/springframework/boot/spring-boot-starter-aop/3.3.3/spring-boot-starter-aop-3.3.3-sources.jar
2024-09-09 14:02:58,315 [Worker-24: Download sources and javadoc] INFO  o.e.m.c.i.e.AbstractTransferListenerAdapter - Downloaded https://repo.maven.apache.org/maven2/org/springframework/boot/spring-boot-starter-aop/3.3.3/spring-boot-starter-aop-3.3.3-sources.jar
2024-09-09 14:02:58,322 [Worker-24: Download sources and javadoc] INFO  o.e.m.j.internal.DownloadSourcesJob - Downloaded sources for org.springframework.boot:spring-boot-starter-aop:3.3.3
2024-09-09 14:02:58,426 [Worker-24: Download sources and javadoc] INFO  o.e.m.c.i.e.AbstractTransferListenerAdapter - Downloading https://repo.maven.apache.org/maven2/org/springframework/boot/spring-boot-starter-jdbc/3.3.3/spring-boot-starter-jdbc-3.3.3-sources.jar
2024-09-09 14:02:58,520 [Worker-24: Download sources and javadoc] INFO  o.e.m.c.i.e.AbstractTransferListenerAdapter - Downloaded https://repo.maven.apache.org/maven2/org/springframework/boot/spring-boot-starter-jdbc/3.3.3/spring-boot-starter-jdbc-3.3.3-sources.jar
2024-09-09 14:02:58,529 [Worker-24: Download sources and javadoc] INFO  o.e.m.j.internal.DownloadSourcesJob - Downloaded sources for org.springframework.boot:spring-boot-starter-jdbc:3.3.3
2024-09-09 14:02:58,639 [Worker-24: Download sources and javadoc] INFO  o.e.m.c.i.e.AbstractTransferListenerAdapter - Downloading https://repo.maven.apache.org/maven2/com/zaxxer/HikariCP/5.1.0/HikariCP-5.1.0-sources.jar
2024-09-09 14:02:58,821 [Worker-24: Download sources and javadoc] INFO  o.e.m.c.i.e.AbstractTransferListenerAdapter - Downloaded https://repo.maven.apache.org/maven2/com/zaxxer/HikariCP/5.1.0/HikariCP-5.1.0-sources.jar
2024-09-09 14:02:58,832 [Worker-24: Download sources and javadoc] INFO  o.e.m.j.internal.DownloadSourcesJob - Downloaded sources for com.zaxxer:HikariCP:5.1.0
2024-09-09 14:02:58,985 [Worker-24: Download sources and javadoc] INFO  o.e.m.c.i.e.AbstractTransferListenerAdapter - Downloading https://repo.maven.apache.org/maven2/org/hibernate/orm/hibernate-core/6.5.2.Final/hibernate-core-6.5.2.Final-sources.jar
2024-09-09 14:02:59,208 [Worker-31: Importing Maven projects] INFO  o.e.m.c.i.p.ProjectConfigurationManager - Imported and configured 1 project(s) in 6 sec
2024-09-09 14:02:59,707 [Worker-24: Download sources and javadoc] INFO  o.e.m.c.i.e.AbstractTransferListenerAdapter - Downloaded https://repo.maven.apache.org/maven2/org/hibernate/orm/hibernate-core/6.5.2.Final/hibernate-core-6.5.2.Final-sources.jar
2024-09-09 14:02:59,724 [Worker-24: Download sources and javadoc] INFO  o.e.m.j.internal.DownloadSourcesJob - Downloaded sources for org.hibernate.orm:hibernate-core:6.5.2.Final
2024-09-09 14:02:59,885 [Worker-24: Download sources and javadoc] INFO  o.e.m.c.i.e.AbstractTransferListenerAdapter - Downloading https://repo.maven.apache.org/maven2/com/fasterxml/classmate/1.7.0/classmate-1.7.0-sources.jar
2024-09-09 14:02:59,983 [Worker-24: Download sources and javadoc] INFO  o.e.m.c.i.e.AbstractTransferListenerAdapter - Downloaded https://repo.maven.apache.org/maven2/com/fasterxml/classmate/1.7.0/classmate-1.7.0-sources.jar
2024-09-09 14:03:00,000 [Worker-24: Download sources and javadoc] INFO  o.e.m.j.internal.DownloadSourcesJob - Downloaded sources for com.fasterxml:classmate:1.7.0
2024-09-09 14:03:00,121 [Worker-24: Download sources and javadoc] INFO  o.e.m.c.i.e.AbstractTransferListenerAdapter - Downloading https://repo.maven.apache.org/maven2/org/springframework/data/spring-data-jpa/3.3.3/spring-data-jpa-3.3.3-sources.jar
2024-09-09 14:03:00,198 [Worker-23: Building] INFO  o.a.m.s.f.DefaultMavenResourcesFiltering - Copying 1 resource from src\main\resources to target\classes
2024-09-09 14:03:00,248 [Worker-23: Building] INFO  o.a.m.s.f.DefaultMavenResourcesFiltering - Copying 0 resource from src\main\resources to target\classes
2024-09-09 14:03:00,258 [Worker-23: Building] INFO  o.a.m.s.f.DefaultMavenResourcesFiltering - skip non existing resourceDirectory C:\Users\akash\Desktop\capstone project\backend\backend-micro-service\backend-micro-service\src\test\resources
2024-09-09 14:03:00,291 [Worker-24: Download sources and javadoc] INFO  o.e.m.c.i.e.AbstractTransferListenerAdapter - Downloaded https://repo.maven.apache.org/maven2/org/springframework/data/spring-data-jpa/3.3.3/spring-data-jpa-3.3.3-sources.jar
2024-09-09 14:03:00,302 [Worker-24: Download sources and javadoc] INFO  o.e.m.j.internal.DownloadSourcesJob - Downloaded sources for org.springframework.data:spring-data-jpa:3.3.3
2024-09-09 14:03:17,103 [Worker-31: Building] INFO  o.a.m.s.f.DefaultMavenResourcesFiltering - Copying 1 resource from src\main\resources to target\classes
2024-09-09 14:03:17,109 [Worker-31: Building] INFO  o.a.m.s.f.DefaultMavenResourcesFiltering - Copying 0 resource from src\main\resources to target\classes
2024-09-09 14:03:17,112 [Worker-31: Building] INFO  o.a.m.s.f.DefaultMavenResourcesFiltering - skip non existing resourceDirectory C:\Users\akash\Desktop\capstone project\backend\backend-micro-service\backend-micro-service\src\test\resources
2024-09-09 14:03:40,921 [Worker-23: Building] INFO  o.a.m.s.f.DefaultMavenResourcesFiltering - Copying 1 resource from src\main\resources to target\classes
2024-09-09 14:03:40,925 [Worker-23: Building] INFO  o.a.m.s.f.DefaultMavenResourcesFiltering - Copying 0 resource from src\main\resources to target\classes
2024-09-09 14:03:40,929 [Worker-23: Building] INFO  o.a.m.s.f.DefaultMavenResourcesFiltering - skip non existing resourceDirectory C:\Users\akash\Desktop\capstone project\backend\backend-micro-service\backend-micro-service\src\test\resources
2024-09-09 14:04:48,156 [Worker-34: Building] INFO  o.a.m.s.f.DefaultMavenResourcesFiltering - Copying 1 resource from src\main\resources to target\classes
2024-09-09 14:04:48,167 [Worker-34: Building] INFO  o.a.m.s.f.DefaultMavenResourcesFiltering - Copying 0 resource from src\main\resources to target\classes
2024-09-09 14:04:48,176 [Worker-34: Building] INFO  o.a.m.s.f.DefaultMavenResourcesFiltering - skip non existing resourceDirectory C:\Users\akash\Desktop\capstone project\backend\backend-micro-service\backend-micro-service\src\test\resources
2024-09-09 14:05:16,409 [Worker-34: Building] INFO  o.a.m.s.f.DefaultMavenResourcesFiltering - Copying 1 resource from src\main\resources to target\classes
2024-09-09 14:05:16,413 [Worker-34: Building] INFO  o.a.m.s.f.DefaultMavenResourcesFiltering - Copying 0 resource from src\main\resources to target\classes
2024-09-09 14:05:16,417 [Worker-34: Building] INFO  o.a.m.s.f.DefaultMavenResourcesFiltering - skip non existing resourceDirectory C:\Users\akash\Desktop\capstone project\backend\backend-micro-service\backend-micro-service\src\test\resources
2024-09-09 14:05:24,047 [Worker-31: Building] INFO  o.a.m.s.f.DefaultMavenResourcesFiltering - Copying 1 resource from src\main\resources to target\classes
2024-09-09 14:05:24,052 [Worker-31: Building] INFO  o.a.m.s.f.DefaultMavenResourcesFiltering - Copying 0 resource from src\main\resources to target\classes
2024-09-09 14:05:24,055 [Worker-31: Building] INFO  o.a.m.s.f.DefaultMavenResourcesFiltering - skip non existing resourceDirectory C:\Users\akash\Desktop\capstone project\backend\backend-micro-service\backend-micro-service\src\test\resources
2024-09-09 14:05:33,094 [Worker-31: Building] INFO  o.a.m.s.f.DefaultMavenResourcesFiltering - Copying 1 resource from src\main\resources to target\classes
2024-09-09 14:05:33,101 [Worker-31: Building] INFO  o.a.m.s.f.DefaultMavenResourcesFiltering - Copying 0 resource from src\main\resources to target\classes
2024-09-09 14:05:33,108 [Worker-31: Building] INFO  o.a.m.s.f.DefaultMavenResourcesFiltering - skip non existing resourceDirectory C:\Users\akash\Desktop\capstone project\backend\backend-micro-service\backend-micro-service\src\test\resources
2024-09-09 14:06:01,926 [Worker-24: Building] INFO  o.a.m.s.f.DefaultMavenResourcesFiltering - Copying 1 resource from src\main\resources to target\classes
2024-09-09 14:06:01,930 [Worker-24: Building] INFO  o.a.m.s.f.DefaultMavenResourcesFiltering - Copying 0 resource from src\main\resources to target\classes
2024-09-09 14:06:01,934 [Worker-24: Building] INFO  o.a.m.s.f.DefaultMavenResourcesFiltering - skip non existing resourceDirectory C:\Users\akash\Desktop\capstone project\backend\backend-micro-service\backend-micro-service\src\test\resources
2024-09-09 14:06:18,551 [Worker-31: Building] INFO  o.a.m.s.f.DefaultMavenResourcesFiltering - Copying 1 resource from src\main\resources to target\classes
2024-09-09 14:06:18,561 [Worker-31: Building] INFO  o.a.m.s.f.DefaultMavenResourcesFiltering - Copying 0 resource from src\main\resources to target\classes
2024-09-09 14:06:18,563 [Worker-31: Building] INFO  o.a.m.s.f.DefaultMavenResourcesFiltering - skip non existing resourceDirectory C:\Users\akash\Desktop\capstone project\backend\backend-micro-service\backend-micro-service\src\test\resources
2024-09-09 14:06:30,070 [Worker-34: Building] INFO  o.a.m.s.f.DefaultMavenResourcesFiltering - Copying 1 resource from src\main\resources to target\classes
2024-09-09 14:06:30,079 [Worker-34: Building] INFO  o.a.m.s.f.DefaultMavenResourcesFiltering - Copying 0 resource from src\main\resources to target\classes
2024-09-09 14:06:30,083 [Worker-34: Building] INFO  o.a.m.s.f.DefaultMavenResourcesFiltering - skip non existing resourceDirectory C:\Users\akash\Desktop\capstone project\backend\backend-micro-service\backend-micro-service\src\test\resources
2024-09-09 14:06:43,253 [Worker-33: Building] INFO  o.a.m.s.f.DefaultMavenResourcesFiltering - Copying 1 resource from src\main\resources to target\classes
2024-09-09 14:06:43,262 [Worker-33: Building] INFO  o.a.m.s.f.DefaultMavenResourcesFiltering - Copying 0 resource from src\main\resources to target\classes
2024-09-09 14:06:43,265 [Worker-33: Building] INFO  o.a.m.s.f.DefaultMavenResourcesFiltering - skip non existing resourceDirectory C:\Users\akash\Desktop\capstone project\backend\backend-micro-service\backend-micro-service\src\test\resources
2024-09-09 14:07:01,367 [Worker-34: Building] INFO  o.a.m.s.f.DefaultMavenResourcesFiltering - Copying 1 resource from src\main\resources to target\classes
2024-09-09 14:07:01,374 [Worker-34: Building] INFO  o.a.m.s.f.DefaultMavenResourcesFiltering - Copying 0 resource from src\main\resources to target\classes
2024-09-09 14:07:01,379 [Worker-34: Building] INFO  o.a.m.s.f.DefaultMavenResourcesFiltering - skip non existing resourceDirectory C:\Users\akash\Desktop\capstone project\backend\backend-micro-service\backend-micro-service\src\test\resources
2024-09-09 14:07:03,622 [Worker-35: Building] INFO  o.a.m.s.f.DefaultMavenResourcesFiltering - Copying 1 resource from src\main\resources to target\classes
2024-09-09 14:07:03,629 [Worker-35: Building] INFO  o.a.m.s.f.DefaultMavenResourcesFiltering - Copying 0 resource from src\main\resources to target\classes
2024-09-09 14:07:03,634 [Worker-35: Building] INFO  o.a.m.s.f.DefaultMavenResourcesFiltering - skip non existing resourceDirectory C:\Users\akash\Desktop\capstone project\backend\backend-micro-service\backend-micro-service\src\test\resources
2024-09-09 14:09:22,327 [Worker-34: Building] INFO  o.a.m.s.f.DefaultMavenResourcesFiltering - Copying 1 resource from src\main\resources to target\classes
2024-09-09 14:09:22,333 [Worker-34: Building] INFO  o.a.m.s.f.DefaultMavenResourcesFiltering - Copying 0 resource from src\main\resources to target\classes
2024-09-09 14:09:22,339 [Worker-34: Building] INFO  o.a.m.s.f.DefaultMavenResourcesFiltering - skip non existing resourceDirectory C:\Users\akash\Desktop\capstone project\backend\backend-micro-service\backend-micro-service\src\test\resources
2024-09-09 14:10:48,648 [Worker-24: Building] INFO  o.a.m.s.f.DefaultMavenResourcesFiltering - Copying 1 resource from src\main\resources to target\classes
2024-09-09 14:10:48,652 [Worker-24: Building] INFO  o.a.m.s.f.DefaultMavenResourcesFiltering - Copying 0 resource from src\main\resources to target\classes
2024-09-09 14:10:48,655 [Worker-24: Building] INFO  o.a.m.s.f.DefaultMavenResourcesFiltering - skip non existing resourceDirectory C:\Users\akash\Desktop\capstone project\backend\backend-micro-service\backend-micro-service\src\test\resources
2024-09-09 14:11:33,322 [Worker-34: Building] INFO  o.a.m.s.f.DefaultMavenResourcesFiltering - Copying 1 resource from src\main\resources to target\classes
2024-09-09 14:11:33,330 [Worker-34: Building] INFO  o.a.m.s.f.DefaultMavenResourcesFiltering - Copying 0 resource from src\main\resources to target\classes
2024-09-09 14:11:33,334 [Worker-34: Building] INFO  o.a.m.s.f.DefaultMavenResourcesFiltering - skip non existing resourceDirectory C:\Users\akash\Desktop\capstone project\backend\backend-micro-service\backend-micro-service\src\test\resources
2024-09-09 14:11:47,413 [Worker-33: Building] INFO  o.a.m.s.f.DefaultMavenResourcesFiltering - Copying 1 resource from src\main\resources to target\classes
2024-09-09 14:11:47,420 [Worker-33: Building] INFO  o.a.m.s.f.DefaultMavenResourcesFiltering - Copying 0 resource from src\main\resources to target\classes
2024-09-09 14:11:47,425 [Worker-33: Building] INFO  o.a.m.s.f.DefaultMavenResourcesFiltering - skip non existing resourceDirectory C:\Users\akash\Desktop\capstone project\backend\backend-micro-service\backend-micro-service\src\test\resources
2024-09-09 14:12:14,794 [Worker-33: Building] INFO  o.a.m.s.f.DefaultMavenResourcesFiltering - Copying 1 resource from src\main\resources to target\classes
2024-09-09 14:12:14,800 [Worker-33: Building] INFO  o.a.m.s.f.DefaultMavenResourcesFiltering - Copying 0 resource from src\main\resources to target\classes
2024-09-09 14:12:14,802 [Worker-33: Building] INFO  o.a.m.s.f.DefaultMavenResourcesFiltering - skip non existing resourceDirectory C:\Users\akash\Desktop\capstone project\backend\backend-micro-service\backend-micro-service\src\test\resources
2024-09-09 14:13:10,045 [Worker-33: Building] INFO  o.a.m.s.f.DefaultMavenResourcesFiltering - Copying 1 resource from src\main\resources to target\classes
2024-09-09 14:13:10,051 [Worker-33: Building] INFO  o.a.m.s.f.DefaultMavenResourcesFiltering - Copying 0 resource from src\main\resources to target\classes
2024-09-09 14:13:10,057 [Worker-33: Building] INFO  o.a.m.s.f.DefaultMavenResourcesFiltering - skip non existing resourceDirectory C:\Users\akash\Desktop\capstone project\backend\backend-micro-service\backend-micro-service\src\test\resources
2024-09-09 14:14:15,059 [Worker-35: Building] INFO  o.a.m.s.f.DefaultMavenResourcesFiltering - Copying 1 resource from src\main\resources to target\classes
2024-09-09 14:14:15,067 [Worker-35: Building] INFO  o.a.m.s.f.DefaultMavenResourcesFiltering - Copying 0 resource from src\main\resources to target\classes
2024-09-09 14:14:15,072 [Worker-35: Building] INFO  o.a.m.s.f.DefaultMavenResourcesFiltering - skip non existing resourceDirectory C:\Users\akash\Desktop\capstone project\backend\backend-micro-service\backend-micro-service\src\test\resources
2024-09-09 14:16:25,282 [Worker-33: Building] INFO  o.a.m.s.f.DefaultMavenResourcesFiltering - Copying 1 resource from src\main\resources to target\classes
2024-09-09 14:16:25,291 [Worker-33: Building] INFO  o.a.m.s.f.DefaultMavenResourcesFiltering - Copying 0 resource from src\main\resources to target\classes
2024-09-09 14:16:25,297 [Worker-33: Building] INFO  o.a.m.s.f.DefaultMavenResourcesFiltering - skip non existing resourceDirectory C:\Users\akash\Desktop\capstone project\backend\backend-micro-service\backend-micro-service\src\test\resources
2024-09-09 14:25:43,317 [Worker-37: Building] INFO  o.a.m.s.f.DefaultMavenResourcesFiltering - Copying 1 resource from src\main\resources to target\classes
2024-09-09 14:25:43,326 [Worker-37: Building] INFO  o.a.m.s.f.DefaultMavenResourcesFiltering - Copying 0 resource from src\main\resources to target\classes
2024-09-09 14:25:43,330 [Worker-37: Building] INFO  o.a.m.s.f.DefaultMavenResourcesFiltering - skip non existing resourceDirectory C:\Users\akash\Desktop\capstone project\backend\backend-micro-service\backend-micro-service\src\test\resources
2024-09-09 14:26:50,939 [Worker-23: Building] INFO  o.a.m.s.f.DefaultMavenResourcesFiltering - Copying 1 resource from src\main\resources to target\classes
2024-09-09 14:26:50,948 [Worker-23: Building] INFO  o.a.m.s.f.DefaultMavenResourcesFiltering - Copying 0 resource from src\main\resources to target\classes
2024-09-09 14:26:50,951 [Worker-23: Building] INFO  o.a.m.s.f.DefaultMavenResourcesFiltering - skip non existing resourceDirectory C:\Users\akash\Desktop\capstone project\backend\backend-micro-service\backend-micro-service\src\test\resources
2024-09-09 14:51:35,370 [Worker-38: Launching Executing install in C__Users_akash_Desktop_capstone project_backend_eureka-server_eureka-server] INFO  o.eclipse.m2e.core.internal.Bundles - getClasspathEntries(Bundle=org.eclipse.m2e.maven.runtime_3.9.700.20240602-2313 [644])
2024-09-09 14:51:35,374 [Worker-38: Launching Executing install in C__Users_akash_Desktop_capstone project_backend_eureka-server_eureka-server] INFO  o.eclipse.m2e.core.internal.Bundles - 	Entry: C:\Users\akash\.p2\pool\plugins\org.eclipse.m2e.maven.runtime_3.9.700.20240602-2313
2024-09-09 14:51:35,375 [Worker-38: Launching Executing install in C__Users_akash_Desktop_capstone project_backend_eureka-server_eureka-server] INFO  o.eclipse.m2e.core.internal.Bundles - 	Entry: C:\Users\akash\.p2\pool\plugins\org.eclipse.m2e.maven.runtime_3.9.700.20240602-2313\jars\aopalliance-1.0.jar
2024-09-09 14:51:35,375 [Worker-38: Launching Executing install in C__Users_akash_Desktop_capstone project_backend_eureka-server_eureka-server] INFO  o.eclipse.m2e.core.internal.Bundles - 	Entry: C:\Users\akash\.p2\pool\plugins\org.eclipse.m2e.maven.runtime_3.9.700.20240602-2313\jars\guice-5.1.0.jar
2024-09-09 14:51:35,376 [Worker-38: Launching Executing install in C__Users_akash_Desktop_capstone project_backend_eureka-server_eureka-server] INFO  o.eclipse.m2e.core.internal.Bundles - 	Entry: C:\Users\akash\.p2\pool\plugins\org.eclipse.m2e.maven.runtime_3.9.700.20240602-2313\jars\httpclient-4.5.14.jar
2024-09-09 14:51:35,376 [Worker-38: Launching Executing install in C__Users_akash_Desktop_capstone project_backend_eureka-server_eureka-server] INFO  o.eclipse.m2e.core.internal.Bundles - 	Entry: C:\Users\akash\.p2\pool\plugins\org.eclipse.m2e.maven.runtime_3.9.700.20240602-2313\jars\httpcore-4.4.16.jar
2024-09-09 14:51:35,376 [Worker-38: Launching Executing install in C__Users_akash_Desktop_capstone project_backend_eureka-server_eureka-server] INFO  o.eclipse.m2e.core.internal.Bundles - 	Entry: C:\Users\akash\.p2\pool\plugins\org.eclipse.m2e.maven.runtime_3.9.700.20240602-2313\jars\jansi-2.4.1.jar
2024-09-09 14:51:35,377 [Worker-38: Launching Executing install in C__Users_akash_Desktop_capstone project_backend_eureka-server_eureka-server] INFO  o.eclipse.m2e.core.internal.Bundles - 	Entry: C:\Users\akash\.p2\pool\plugins\org.eclipse.m2e.maven.runtime_3.9.700.20240602-2313\jars\jcl-over-slf4j-1.7.36.jar
2024-09-09 14:51:35,377 [Worker-38: Launching Executing install in C__Users_akash_Desktop_capstone project_backend_eureka-server_eureka-server] INFO  o.eclipse.m2e.core.internal.Bundles - 	Entry: C:\Users\akash\.p2\pool\plugins\org.eclipse.m2e.maven.runtime_3.9.700.20240602-2313\jars\maven-artifact-3.9.7.jar
2024-09-09 14:51:35,377 [Worker-38: Launching Executing install in C__Users_akash_Desktop_capstone project_backend_eureka-server_eureka-server] INFO  o.eclipse.m2e.core.internal.Bundles - 	Entry: C:\Users\akash\.p2\pool\plugins\org.eclipse.m2e.maven.runtime_3.9.700.20240602-2313\jars\maven-builder-support-3.9.7.jar
2024-09-09 14:51:35,377 [Worker-38: Launching Executing install in C__Users_akash_Desktop_capstone project_backend_eureka-server_eureka-server] INFO  o.eclipse.m2e.core.internal.Bundles - 	Entry: C:\Users\akash\.p2\pool\plugins\org.eclipse.m2e.maven.runtime_3.9.700.20240602-2313\jars\maven-compat-3.9.7.jar
2024-09-09 14:51:35,378 [Worker-38: Launching Executing install in C__Users_akash_Desktop_capstone project_backend_eureka-server_eureka-server] INFO  o.eclipse.m2e.core.internal.Bundles - 	Entry: C:\Users\akash\.p2\pool\plugins\org.eclipse.m2e.maven.runtime_3.9.700.20240602-2313\jars\maven-core-3.9.7.jar
2024-09-09 14:51:35,378 [Worker-38: Launching Executing install in C__Users_akash_Desktop_capstone project_backend_eureka-server_eureka-server] INFO  o.eclipse.m2e.core.internal.Bundles - 	Entry: C:\Users\akash\.p2\pool\plugins\org.eclipse.m2e.maven.runtime_3.9.700.20240602-2313\jars\maven-embedder-3.9.7.jar
2024-09-09 14:51:35,378 [Worker-38: Launching Executing install in C__Users_akash_Desktop_capstone project_backend_eureka-server_eureka-server] INFO  o.eclipse.m2e.core.internal.Bundles - 	Entry: C:\Users\akash\.p2\pool\plugins\org.eclipse.m2e.maven.runtime_3.9.700.20240602-2313\jars\maven-model-3.9.7.jar
2024-09-09 14:51:35,379 [Worker-38: Launching Executing install in C__Users_akash_Desktop_capstone project_backend_eureka-server_eureka-server] INFO  o.eclipse.m2e.core.internal.Bundles - 	Entry: C:\Users\akash\.p2\pool\plugins\org.eclipse.m2e.maven.runtime_3.9.700.20240602-2313\jars\maven-model-builder-3.9.7.jar
2024-09-09 14:51:35,379 [Worker-38: Launching Executing install in C__Users_akash_Desktop_capstone project_backend_eureka-server_eureka-server] INFO  o.eclipse.m2e.core.internal.Bundles - 	Entry: C:\Users\akash\.p2\pool\plugins\org.eclipse.m2e.maven.runtime_3.9.700.20240602-2313\jars\maven-plugin-api-3.9.7.jar
2024-09-09 14:51:35,379 [Worker-38: Launching Executing install in C__Users_akash_Desktop_capstone project_backend_eureka-server_eureka-server] INFO  o.eclipse.m2e.core.internal.Bundles - 	Entry: C:\Users\akash\.p2\pool\plugins\org.eclipse.m2e.maven.runtime_3.9.700.20240602-2313\jars\maven-repository-metadata-3.9.7.jar
2024-09-09 14:51:35,380 [Worker-38: Launching Executing install in C__Users_akash_Desktop_capstone project_backend_eureka-server_eureka-server] INFO  o.eclipse.m2e.core.internal.Bundles - 	Entry: C:\Users\akash\.p2\pool\plugins\org.eclipse.m2e.maven.runtime_3.9.700.20240602-2313\jars\maven-resolver-api-1.9.20.jar
2024-09-09 14:51:35,380 [Worker-38: Launching Executing install in C__Users_akash_Desktop_capstone project_backend_eureka-server_eureka-server] INFO  o.eclipse.m2e.core.internal.Bundles - 	Entry: C:\Users\akash\.p2\pool\plugins\org.eclipse.m2e.maven.runtime_3.9.700.20240602-2313\jars\maven-resolver-connector-basic-1.9.20.jar
2024-09-09 14:51:35,380 [Worker-38: Launching Executing install in C__Users_akash_Desktop_capstone project_backend_eureka-server_eureka-server] INFO  o.eclipse.m2e.core.internal.Bundles - 	Entry: C:\Users\akash\.p2\pool\plugins\org.eclipse.m2e.maven.runtime_3.9.700.20240602-2313\jars\maven-resolver-impl-1.9.20.jar
2024-09-09 14:51:35,380 [Worker-38: Launching Executing install in C__Users_akash_Desktop_capstone project_backend_eureka-server_eureka-server] INFO  o.eclipse.m2e.core.internal.Bundles - 	Entry: C:\Users\akash\.p2\pool\plugins\org.eclipse.m2e.maven.runtime_3.9.700.20240602-2313\jars\maven-resolver-named-locks-1.9.20.jar
2024-09-09 14:51:35,381 [Worker-38: Launching Executing install in C__Users_akash_Desktop_capstone project_backend_eureka-server_eureka-server] INFO  o.eclipse.m2e.core.internal.Bundles - 	Entry: C:\Users\akash\.p2\pool\plugins\org.eclipse.m2e.maven.runtime_3.9.700.20240602-2313\jars\maven-resolver-provider-3.9.7.jar
2024-09-09 14:51:35,381 [Worker-38: Launching Executing install in C__Users_akash_Desktop_capstone project_backend_eureka-server_eureka-server] INFO  o.eclipse.m2e.core.internal.Bundles - 	Entry: C:\Users\akash\.p2\pool\plugins\org.eclipse.m2e.maven.runtime_3.9.700.20240602-2313\jars\maven-resolver-spi-1.9.20.jar
2024-09-09 14:51:35,381 [Worker-38: Launching Executing install in C__Users_akash_Desktop_capstone project_backend_eureka-server_eureka-server] INFO  o.eclipse.m2e.core.internal.Bundles - 	Entry: C:\Users\akash\.p2\pool\plugins\org.eclipse.m2e.maven.runtime_3.9.700.20240602-2313\jars\maven-resolver-transport-file-1.9.20.jar
2024-09-09 14:51:35,381 [Worker-38: Launching Executing install in C__Users_akash_Desktop_capstone project_backend_eureka-server_eureka-server] INFO  o.eclipse.m2e.core.internal.Bundles - 	Entry: C:\Users\akash\.p2\pool\plugins\org.eclipse.m2e.maven.runtime_3.9.700.20240602-2313\jars\maven-resolver-transport-http-1.9.20.jar
2024-09-09 14:51:35,381 [Worker-38: Launching Executing install in C__Users_akash_Desktop_capstone project_backend_eureka-server_eureka-server] INFO  o.eclipse.m2e.core.internal.Bundles - 	Entry: C:\Users\akash\.p2\pool\plugins\org.eclipse.m2e.maven.runtime_3.9.700.20240602-2313\jars\maven-resolver-transport-wagon-1.9.20.jar
2024-09-09 14:51:35,382 [Worker-38: Launching Executing install in C__Users_akash_Desktop_capstone project_backend_eureka-server_eureka-server] INFO  o.eclipse.m2e.core.internal.Bundles - 	Entry: C:\Users\akash\.p2\pool\plugins\org.eclipse.m2e.maven.runtime_3.9.700.20240602-2313\jars\maven-resolver-util-1.9.20.jar
2024-09-09 14:51:35,382 [Worker-38: Launching Executing install in C__Users_akash_Desktop_capstone project_backend_eureka-server_eureka-server] INFO  o.eclipse.m2e.core.internal.Bundles - 	Entry: C:\Users\akash\.p2\pool\plugins\org.eclipse.m2e.maven.runtime_3.9.700.20240602-2313\jars\maven-settings-3.9.7.jar
2024-09-09 14:51:35,382 [Worker-38: Launching Executing install in C__Users_akash_Desktop_capstone project_backend_eureka-server_eureka-server] INFO  o.eclipse.m2e.core.internal.Bundles - 	Entry: C:\Users\akash\.p2\pool\plugins\org.eclipse.m2e.maven.runtime_3.9.700.20240602-2313\jars\maven-settings-builder-3.9.7.jar
2024-09-09 14:51:35,382 [Worker-38: Launching Executing install in C__Users_akash_Desktop_capstone project_backend_eureka-server_eureka-server] INFO  o.eclipse.m2e.core.internal.Bundles - 	Entry: C:\Users\akash\.p2\pool\plugins\org.eclipse.m2e.maven.runtime_3.9.700.20240602-2313\jars\maven-shared-utils-3.4.2.jar
2024-09-09 14:51:35,383 [Worker-38: Launching Executing install in C__Users_akash_Desktop_capstone project_backend_eureka-server_eureka-server] INFO  o.eclipse.m2e.core.internal.Bundles - 	Entry: C:\Users\akash\.p2\pool\plugins\org.eclipse.m2e.maven.runtime_3.9.700.20240602-2313\jars\org.eclipse.sisu.inject-0.9.0.M2.jar
2024-09-09 14:51:35,383 [Worker-38: Launching Executing install in C__Users_akash_Desktop_capstone project_backend_eureka-server_eureka-server] INFO  o.eclipse.m2e.core.internal.Bundles - 	Entry: C:\Users\akash\.p2\pool\plugins\org.eclipse.m2e.maven.runtime_3.9.700.20240602-2313\jars\org.eclipse.sisu.plexus-0.9.0.M2.jar
2024-09-09 14:51:35,383 [Worker-38: Launching Executing install in C__Users_akash_Desktop_capstone project_backend_eureka-server_eureka-server] INFO  o.eclipse.m2e.core.internal.Bundles - 	Entry: C:\Users\akash\.p2\pool\plugins\org.eclipse.m2e.maven.runtime_3.9.700.20240602-2313\jars\plexus-build-api-0.0.7.jar
2024-09-09 14:51:35,383 [Worker-38: Launching Executing install in C__Users_akash_Desktop_capstone project_backend_eureka-server_eureka-server] INFO  o.eclipse.m2e.core.internal.Bundles - 	Entry: C:\Users\akash\.p2\pool\plugins\org.eclipse.m2e.maven.runtime_3.9.700.20240602-2313\jars\plexus-build-api-1.2.0.jar
2024-09-09 14:51:35,383 [Worker-38: Launching Executing install in C__Users_akash_Desktop_capstone project_backend_eureka-server_eureka-server] INFO  o.eclipse.m2e.core.internal.Bundles - 	Entry: C:\Users\akash\.p2\pool\plugins\org.eclipse.m2e.maven.runtime_3.9.700.20240602-2313\jars\plexus-cipher-2.0.jar
2024-09-09 14:51:35,384 [Worker-38: Launching Executing install in C__Users_akash_Desktop_capstone project_backend_eureka-server_eureka-server] INFO  o.eclipse.m2e.core.internal.Bundles - 	Entry: C:\Users\akash\.p2\pool\plugins\org.eclipse.m2e.maven.runtime_3.9.700.20240602-2313\jars\plexus-classworlds-2.8.0.jar
2024-09-09 14:51:35,384 [Worker-38: Launching Executing install in C__Users_akash_Desktop_capstone project_backend_eureka-server_eureka-server] INFO  o.eclipse.m2e.core.internal.Bundles - 	Entry: C:\Users\akash\.p2\pool\plugins\org.eclipse.m2e.maven.runtime_3.9.700.20240602-2313\jars\plexus-component-annotations-2.1.0.jar
2024-09-09 14:51:35,384 [Worker-38: Launching Executing install in C__Users_akash_Desktop_capstone project_backend_eureka-server_eureka-server] INFO  o.eclipse.m2e.core.internal.Bundles - 	Entry: C:\Users\akash\.p2\pool\plugins\org.eclipse.m2e.maven.runtime_3.9.700.20240602-2313\jars\plexus-interpolation-1.27.jar
2024-09-09 14:51:35,384 [Worker-38: Launching Executing install in C__Users_akash_Desktop_capstone project_backend_eureka-server_eureka-server] INFO  o.eclipse.m2e.core.internal.Bundles - 	Entry: C:\Users\akash\.p2\pool\plugins\org.eclipse.m2e.maven.runtime_3.9.700.20240602-2313\jars\plexus-sec-dispatcher-2.0.jar
2024-09-09 14:51:35,385 [Worker-38: Launching Executing install in C__Users_akash_Desktop_capstone project_backend_eureka-server_eureka-server] INFO  o.eclipse.m2e.core.internal.Bundles - 	Entry: C:\Users\akash\.p2\pool\plugins\org.eclipse.m2e.maven.runtime_3.9.700.20240602-2313\jars\plexus-utils-3.5.1.jar
2024-09-09 14:51:35,385 [Worker-38: Launching Executing install in C__Users_akash_Desktop_capstone project_backend_eureka-server_eureka-server] INFO  o.eclipse.m2e.core.internal.Bundles - 	Entry: C:\Users\akash\.p2\pool\plugins\org.eclipse.m2e.maven.runtime_3.9.700.20240602-2313\jars\wagon-file-3.5.3.jar
2024-09-09 14:51:35,385 [Worker-38: Launching Executing install in C__Users_akash_Desktop_capstone project_backend_eureka-server_eureka-server] INFO  o.eclipse.m2e.core.internal.Bundles - 	Entry: C:\Users\akash\.p2\pool\plugins\org.eclipse.m2e.maven.runtime_3.9.700.20240602-2313\jars\wagon-http-3.5.3.jar
2024-09-09 14:51:35,385 [Worker-38: Launching Executing install in C__Users_akash_Desktop_capstone project_backend_eureka-server_eureka-server] INFO  o.eclipse.m2e.core.internal.Bundles - 	Entry: C:\Users\akash\.p2\pool\plugins\org.eclipse.m2e.maven.runtime_3.9.700.20240602-2313\jars\wagon-http-shared-3.5.3.jar
2024-09-09 14:51:35,386 [Worker-38: Launching Executing install in C__Users_akash_Desktop_capstone project_backend_eureka-server_eureka-server] INFO  o.eclipse.m2e.core.internal.Bundles - 	Entry: C:\Users\akash\.p2\pool\plugins\org.eclipse.m2e.maven.runtime_3.9.700.20240602-2313\jars\wagon-provider-api-3.5.3.jar
2024-09-09 14:51:35,389 [Worker-38: Launching Executing install in C__Users_akash_Desktop_capstone project_backend_eureka-server_eureka-server] INFO  o.eclipse.m2e.core.internal.Bundles - getClasspathEntries(Bundle=com.google.guava_33.2.0.jre [16])
2024-09-09 14:51:35,390 [Worker-38: Launching Executing install in C__Users_akash_Desktop_capstone project_backend_eureka-server_eureka-server] INFO  o.eclipse.m2e.core.internal.Bundles - 	Entry: C:\Users\akash\.p2\pool\plugins\com.google.guava_33.2.0.jre.jar
2024-09-09 14:51:35,390 [Worker-38: Launching Executing install in C__Users_akash_Desktop_capstone project_backend_eureka-server_eureka-server] INFO  o.eclipse.m2e.core.internal.Bundles - getClasspathEntries(Bundle=slf4j.api_2.0.13 [1009])
2024-09-09 14:51:35,391 [Worker-38: Launching Executing install in C__Users_akash_Desktop_capstone project_backend_eureka-server_eureka-server] INFO  o.eclipse.m2e.core.internal.Bundles - 	Entry: C:\Users\akash\.p2\pool\plugins\slf4j.api_2.0.13.jar
2024-09-09 14:51:35,391 [Worker-38: Launching Executing install in C__Users_akash_Desktop_capstone project_backend_eureka-server_eureka-server] INFO  o.eclipse.m2e.core.internal.Bundles - getClasspathEntries(Bundle=jakarta.inject.jakarta.inject-api_1.0.5 [33])
2024-09-09 14:51:35,391 [Worker-38: Launching Executing install in C__Users_akash_Desktop_capstone project_backend_eureka-server_eureka-server] INFO  o.eclipse.m2e.core.internal.Bundles - 	Entry: C:\Users\akash\.p2\pool\plugins\jakarta.inject.jakarta.inject-api_1.0.5.jar
2024-09-09 14:51:35,391 [Worker-38: Launching Executing install in C__Users_akash_Desktop_capstone project_backend_eureka-server_eureka-server] INFO  o.eclipse.m2e.core.internal.Bundles - getClasspathEntries(Bundle=javax.annotation_1.3.5.v20200909-1856 [44])
2024-09-09 14:51:35,393 [Worker-38: Launching Executing install in C__Users_akash_Desktop_capstone project_backend_eureka-server_eureka-server] INFO  o.eclipse.m2e.core.internal.Bundles - 	Entry: C:\Users\akash\.p2\pool\plugins\javax.annotation_1.3.5.v20200909-1856.jar
2024-09-09 14:51:35,393 [Worker-38: Launching Executing install in C__Users_akash_Desktop_capstone project_backend_eureka-server_eureka-server] INFO  o.eclipse.m2e.core.internal.Bundles - getClasspathEntries(Bundle=org.apache.commons.cli_1.8.0 [78])
2024-09-09 14:51:35,394 [Worker-38: Launching Executing install in C__Users_akash_Desktop_capstone project_backend_eureka-server_eureka-server] INFO  o.eclipse.m2e.core.internal.Bundles - 	Entry: C:\Users\akash\.p2\pool\plugins\org.apache.commons.cli_1.8.0.jar
2024-09-09 14:51:35,394 [Worker-38: Launching Executing install in C__Users_akash_Desktop_capstone project_backend_eureka-server_eureka-server] INFO  o.eclipse.m2e.core.internal.Bundles - getClasspathEntries(Bundle=org.apache.commons.commons-codec_1.16.0 [81])
2024-09-09 14:51:35,394 [Worker-38: Launching Executing install in C__Users_akash_Desktop_capstone project_backend_eureka-server_eureka-server] INFO  o.eclipse.m2e.core.internal.Bundles - 	Entry: C:\Users\akash\.p2\pool\plugins\org.apache.commons.commons-codec_1.16.0.jar
2024-09-09 14:51:35,394 [Worker-38: Launching Executing install in C__Users_akash_Desktop_capstone project_backend_eureka-server_eureka-server] INFO  o.eclipse.m2e.core.internal.Bundles - getClasspathEntries(Bundle=org.apache.commons.lang3_3.14.0 [89])
2024-09-09 14:51:35,395 [Worker-38: Launching Executing install in C__Users_akash_Desktop_capstone project_backend_eureka-server_eureka-server] INFO  o.eclipse.m2e.core.internal.Bundles - 	Entry: C:\Users\akash\.p2\pool\plugins\org.apache.commons.lang3_3.14.0.jar
2024-09-09 14:51:35,395 [Worker-38: Launching Executing install in C__Users_akash_Desktop_capstone project_backend_eureka-server_eureka-server] INFO  o.eclipse.m2e.core.internal.Bundles - getClasspathEntries(Bundle=com.google.guava.failureaccess_1.0.2 [17])
2024-09-09 14:51:35,396 [Worker-38: Launching Executing install in C__Users_akash_Desktop_capstone project_backend_eureka-server_eureka-server] INFO  o.eclipse.m2e.core.internal.Bundles - 	Entry: C:\Users\akash\.p2\pool\plugins\com.google.guava.failureaccess_1.0.2.jar
2024-09-09 14:51:35,404 [Worker-38: Launching Executing install in C__Users_akash_Desktop_capstone project_backend_eureka-server_eureka-server] INFO  o.e.m.i.launch.MavenLaunchDelegate - Run build in "C:\Users\akash\Desktop\capstone project\backend\eureka-server\eureka-server":
2024-09-09 14:51:35,405 [Worker-38: Launching Executing install in C__Users_akash_Desktop_capstone project_backend_eureka-server_eureka-server] INFO  o.e.m.i.launch.MavenLaunchDelegate -  mvn  -B -Dstyle.color=always install
2024-09-09 14:52:45,646 [Worker-30: Building] INFO  o.a.m.s.f.DefaultMavenResourcesFiltering - Copying 0 resource from src\main\resources to target\classes
2024-09-09 14:52:45,647 [Worker-30: Building] INFO  o.a.m.s.f.DefaultMavenResourcesFiltering - Copying 0 resource from src\main\resources to target\classes
2024-09-09 14:52:45,650 [Worker-30: Building] INFO  o.a.m.s.f.DefaultMavenResourcesFiltering - skip non existing resourceDirectory C:\Users\akash\Desktop\capstone project\backend\eureka-server\eureka-server\src\test\resources
2024-09-09 14:53:41,313 [Worker-41: Building] INFO  o.a.m.s.f.DefaultMavenResourcesFiltering - Copying 0 resource from src\main\resources to target\classes
2024-09-09 14:53:41,314 [Worker-41: Building] INFO  o.a.m.s.f.DefaultMavenResourcesFiltering - Copying 0 resource from src\main\resources to target\classes
2024-09-09 14:53:41,318 [Worker-41: Building] INFO  o.a.m.s.f.DefaultMavenResourcesFiltering - skip non existing resourceDirectory C:\Users\akash\Desktop\capstone project\backend\eureka-server\eureka-server\src\test\resources
2024-09-09 14:56:55,064 [Worker-41: Building] INFO  o.e.m.c.i.l.LifecycleMappingFactory - Using org.eclipse.m2e.jdt.JarLifecycleMapping lifecycle mapping for MavenProject: com.example:backend-micro-service:0.0.1-SNAPSHOT @ C:\Users\akash\Desktop\capstone project\backend\backend-micro-service\backend-micro-service\pom.xml.
2024-09-09 14:56:57,515 [Worker-41: Building] INFO  o.a.m.s.f.DefaultMavenResourcesFiltering - Copying 0 resource from src\main\resources to target\classes
2024-09-09 14:56:57,518 [Worker-41: Building] INFO  o.a.m.s.f.DefaultMavenResourcesFiltering - Copying 0 resource from src\main\resources to target\classes
2024-09-09 14:56:57,539 [Worker-41: Building] INFO  o.a.m.s.f.DefaultMavenResourcesFiltering - skip non existing resourceDirectory C:\Users\akash\Desktop\capstone project\backend\backend-micro-service\backend-micro-service\src\test\resources
2024-09-09 14:56:59,017 [Worker-45: Building] INFO  o.a.m.s.f.DefaultMavenResourcesFiltering - Copying 1 resource from src\main\resources to target\classes
2024-09-09 14:56:59,056 [Worker-45: Building] INFO  o.a.m.s.f.DefaultMavenResourcesFiltering - Copying 0 resource from src\main\resources to target\classes
2024-09-09 14:56:59,064 [Worker-45: Building] INFO  o.a.m.s.f.DefaultMavenResourcesFiltering - skip non existing resourceDirectory C:\Users\akash\Desktop\capstone project\backend\backend-micro-service\backend-micro-service\src\test\resources
2024-09-09 14:57:07,447 [Worker-38: Building] INFO  o.e.m.c.i.l.LifecycleMappingFactory - Using org.eclipse.m2e.jdt.JarLifecycleMapping lifecycle mapping for MavenProject: com.example:backend-micro-service:0.0.1-SNAPSHOT @ C:\Users\akash\Desktop\capstone project\backend\backend-micro-service\backend-micro-service\pom.xml.
2024-09-09 14:57:09,468 [Worker-38: Building] INFO  o.a.m.s.f.DefaultMavenResourcesFiltering - Copying 0 resource from src\main\resources to target\classes
2024-09-09 14:57:09,469 [Worker-38: Building] INFO  o.a.m.s.f.DefaultMavenResourcesFiltering - Copying 0 resource from src\main\resources to target\classes
2024-09-09 14:57:09,478 [Worker-38: Building] INFO  o.a.m.s.f.DefaultMavenResourcesFiltering - skip non existing resourceDirectory C:\Users\akash\Desktop\capstone project\backend\backend-micro-service\backend-micro-service\src\test\resources
2024-09-09 14:57:38,806 [Worker-45: Building] INFO  o.a.m.s.f.DefaultMavenResourcesFiltering - Copying 1 resource from src\main\resources to target\classes
2024-09-09 14:57:38,838 [Worker-45: Building] INFO  o.a.m.s.f.DefaultMavenResourcesFiltering - Copying 0 resource from src\main\resources to target\classes
2024-09-09 14:57:38,843 [Worker-45: Building] INFO  o.a.m.s.f.DefaultMavenResourcesFiltering - skip non existing resourceDirectory C:\Users\akash\Desktop\capstone project\backend\backend-micro-service\backend-micro-service\src\test\resources
2024-09-09 14:58:35,491 [Worker-44: Launching Executing install in C__Users_akash_Desktop_capstone project_backend_backend-micro-service_backend-micro-service] INFO  o.eclipse.m2e.core.internal.Bundles - getClasspathEntries(Bundle=org.eclipse.m2e.maven.runtime_3.9.700.20240602-2313 [644])
2024-09-09 14:58:35,492 [Worker-44: Launching Executing install in C__Users_akash_Desktop_capstone project_backend_backend-micro-service_backend-micro-service] INFO  o.eclipse.m2e.core.internal.Bundles - 	Entry: C:\Users\akash\.p2\pool\plugins\org.eclipse.m2e.maven.runtime_3.9.700.20240602-2313
2024-09-09 14:58:35,492 [Worker-44: Launching Executing install in C__Users_akash_Desktop_capstone project_backend_backend-micro-service_backend-micro-service] INFO  o.eclipse.m2e.core.internal.Bundles - 	Entry: C:\Users\akash\.p2\pool\plugins\org.eclipse.m2e.maven.runtime_3.9.700.20240602-2313\jars\aopalliance-1.0.jar
2024-09-09 14:58:35,492 [Worker-44: Launching Executing install in C__Users_akash_Desktop_capstone project_backend_backend-micro-service_backend-micro-service] INFO  o.eclipse.m2e.core.internal.Bundles - 	Entry: C:\Users\akash\.p2\pool\plugins\org.eclipse.m2e.maven.runtime_3.9.700.20240602-2313\jars\guice-5.1.0.jar
2024-09-09 14:58:35,492 [Worker-44: Launching Executing install in C__Users_akash_Desktop_capstone project_backend_backend-micro-service_backend-micro-service] INFO  o.eclipse.m2e.core.internal.Bundles - 	Entry: C:\Users\akash\.p2\pool\plugins\org.eclipse.m2e.maven.runtime_3.9.700.20240602-2313\jars\httpclient-4.5.14.jar
2024-09-09 14:58:35,493 [Worker-44: Launching Executing install in C__Users_akash_Desktop_capstone project_backend_backend-micro-service_backend-micro-service] INFO  o.eclipse.m2e.core.internal.Bundles - 	Entry: C:\Users\akash\.p2\pool\plugins\org.eclipse.m2e.maven.runtime_3.9.700.20240602-2313\jars\httpcore-4.4.16.jar
2024-09-09 14:58:35,493 [Worker-44: Launching Executing install in C__Users_akash_Desktop_capstone project_backend_backend-micro-service_backend-micro-service] INFO  o.eclipse.m2e.core.internal.Bundles - 	Entry: C:\Users\akash\.p2\pool\plugins\org.eclipse.m2e.maven.runtime_3.9.700.20240602-2313\jars\jansi-2.4.1.jar
2024-09-09 14:58:35,493 [Worker-44: Launching Executing install in C__Users_akash_Desktop_capstone project_backend_backend-micro-service_backend-micro-service] INFO  o.eclipse.m2e.core.internal.Bundles - 	Entry: C:\Users\akash\.p2\pool\plugins\org.eclipse.m2e.maven.runtime_3.9.700.20240602-2313\jars\jcl-over-slf4j-1.7.36.jar
2024-09-09 14:58:35,493 [Worker-44: Launching Executing install in C__Users_akash_Desktop_capstone project_backend_backend-micro-service_backend-micro-service] INFO  o.eclipse.m2e.core.internal.Bundles - 	Entry: C:\Users\akash\.p2\pool\plugins\org.eclipse.m2e.maven.runtime_3.9.700.20240602-2313\jars\maven-artifact-3.9.7.jar
2024-09-09 14:58:35,493 [Worker-44: Launching Executing install in C__Users_akash_Desktop_capstone project_backend_backend-micro-service_backend-micro-service] INFO  o.eclipse.m2e.core.internal.Bundles - 	Entry: C:\Users\akash\.p2\pool\plugins\org.eclipse.m2e.maven.runtime_3.9.700.20240602-2313\jars\maven-builder-support-3.9.7.jar
2024-09-09 14:58:35,493 [Worker-44: Launching Executing install in C__Users_akash_Desktop_capstone project_backend_backend-micro-service_backend-micro-service] INFO  o.eclipse.m2e.core.internal.Bundles - 	Entry: C:\Users\akash\.p2\pool\plugins\org.eclipse.m2e.maven.runtime_3.9.700.20240602-2313\jars\maven-compat-3.9.7.jar
2024-09-09 14:58:35,493 [Worker-44: Launching Executing install in C__Users_akash_Desktop_capstone project_backend_backend-micro-service_backend-micro-service] INFO  o.eclipse.m2e.core.internal.Bundles - 	Entry: C:\Users\akash\.p2\pool\plugins\org.eclipse.m2e.maven.runtime_3.9.700.20240602-2313\jars\maven-core-3.9.7.jar
2024-09-09 14:58:35,493 [Worker-44: Launching Executing install in C__Users_akash_Desktop_capstone project_backend_backend-micro-service_backend-micro-service] INFO  o.eclipse.m2e.core.internal.Bundles - 	Entry: C:\Users\akash\.p2\pool\plugins\org.eclipse.m2e.maven.runtime_3.9.700.20240602-2313\jars\maven-embedder-3.9.7.jar
2024-09-09 14:58:35,493 [Worker-44: Launching Executing install in C__Users_akash_Desktop_capstone project_backend_backend-micro-service_backend-micro-service] INFO  o.eclipse.m2e.core.internal.Bundles - 	Entry: C:\Users\akash\.p2\pool\plugins\org.eclipse.m2e.maven.runtime_3.9.700.20240602-2313\jars\maven-model-3.9.7.jar
2024-09-09 14:58:35,493 [Worker-44: Launching Executing install in C__Users_akash_Desktop_capstone project_backend_backend-micro-service_backend-micro-service] INFO  o.eclipse.m2e.core.internal.Bundles - 	Entry: C:\Users\akash\.p2\pool\plugins\org.eclipse.m2e.maven.runtime_3.9.700.20240602-2313\jars\maven-model-builder-3.9.7.jar
2024-09-09 14:58:35,493 [Worker-44: Launching Executing install in C__Users_akash_Desktop_capstone project_backend_backend-micro-service_backend-micro-service] INFO  o.eclipse.m2e.core.internal.Bundles - 	Entry: C:\Users\akash\.p2\pool\plugins\org.eclipse.m2e.maven.runtime_3.9.700.20240602-2313\jars\maven-plugin-api-3.9.7.jar
2024-09-09 14:58:35,493 [Worker-44: Launching Executing install in C__Users_akash_Desktop_capstone project_backend_backend-micro-service_backend-micro-service] INFO  o.eclipse.m2e.core.internal.Bundles - 	Entry: C:\Users\akash\.p2\pool\plugins\org.eclipse.m2e.maven.runtime_3.9.700.20240602-2313\jars\maven-repository-metadata-3.9.7.jar
2024-09-09 14:58:35,493 [Worker-44: Launching Executing install in C__Users_akash_Desktop_capstone project_backend_backend-micro-service_backend-micro-service] INFO  o.eclipse.m2e.core.internal.Bundles - 	Entry: C:\Users\akash\.p2\pool\plugins\org.eclipse.m2e.maven.runtime_3.9.700.20240602-2313\jars\maven-resolver-api-1.9.20.jar
2024-09-09 14:58:35,494 [Worker-44: Launching Executing install in C__Users_akash_Desktop_capstone project_backend_backend-micro-service_backend-micro-service] INFO  o.eclipse.m2e.core.internal.Bundles - 	Entry: C:\Users\akash\.p2\pool\plugins\org.eclipse.m2e.maven.runtime_3.9.700.20240602-2313\jars\maven-resolver-connector-basic-1.9.20.jar
2024-09-09 14:58:35,494 [Worker-44: Launching Executing install in C__Users_akash_Desktop_capstone project_backend_backend-micro-service_backend-micro-service] INFO  o.eclipse.m2e.core.internal.Bundles - 	Entry: C:\Users\akash\.p2\pool\plugins\org.eclipse.m2e.maven.runtime_3.9.700.20240602-2313\jars\maven-resolver-impl-1.9.20.jar
2024-09-09 14:58:35,494 [Worker-44: Launching Executing install in C__Users_akash_Desktop_capstone project_backend_backend-micro-service_backend-micro-service] INFO  o.eclipse.m2e.core.internal.Bundles - 	Entry: C:\Users\akash\.p2\pool\plugins\org.eclipse.m2e.maven.runtime_3.9.700.20240602-2313\jars\maven-resolver-named-locks-1.9.20.jar
2024-09-09 14:58:35,494 [Worker-44: Launching Executing install in C__Users_akash_Desktop_capstone project_backend_backend-micro-service_backend-micro-service] INFO  o.eclipse.m2e.core.internal.Bundles - 	Entry: C:\Users\akash\.p2\pool\plugins\org.eclipse.m2e.maven.runtime_3.9.700.20240602-2313\jars\maven-resolver-provider-3.9.7.jar
2024-09-09 14:58:35,494 [Worker-44: Launching Executing install in C__Users_akash_Desktop_capstone project_backend_backend-micro-service_backend-micro-service] INFO  o.eclipse.m2e.core.internal.Bundles - 	Entry: C:\Users\akash\.p2\pool\plugins\org.eclipse.m2e.maven.runtime_3.9.700.20240602-2313\jars\maven-resolver-spi-1.9.20.jar
2024-09-09 14:58:35,494 [Worker-44: Launching Executing install in C__Users_akash_Desktop_capstone project_backend_backend-micro-service_backend-micro-service] INFO  o.eclipse.m2e.core.internal.Bundles - 	Entry: C:\Users\akash\.p2\pool\plugins\org.eclipse.m2e.maven.runtime_3.9.700.20240602-2313\jars\maven-resolver-transport-file-1.9.20.jar
2024-09-09 14:58:35,494 [Worker-44: Launching Executing install in C__Users_akash_Desktop_capstone project_backend_backend-micro-service_backend-micro-service] INFO  o.eclipse.m2e.core.internal.Bundles - 	Entry: C:\Users\akash\.p2\pool\plugins\org.eclipse.m2e.maven.runtime_3.9.700.20240602-2313\jars\maven-resolver-transport-http-1.9.20.jar
2024-09-09 14:58:35,494 [Worker-44: Launching Executing install in C__Users_akash_Desktop_capstone project_backend_backend-micro-service_backend-micro-service] INFO  o.eclipse.m2e.core.internal.Bundles - 	Entry: C:\Users\akash\.p2\pool\plugins\org.eclipse.m2e.maven.runtime_3.9.700.20240602-2313\jars\maven-resolver-transport-wagon-1.9.20.jar
2024-09-09 14:58:35,494 [Worker-44: Launching Executing install in C__Users_akash_Desktop_capstone project_backend_backend-micro-service_backend-micro-service] INFO  o.eclipse.m2e.core.internal.Bundles - 	Entry: C:\Users\akash\.p2\pool\plugins\org.eclipse.m2e.maven.runtime_3.9.700.20240602-2313\jars\maven-resolver-util-1.9.20.jar
2024-09-09 14:58:35,494 [Worker-44: Launching Executing install in C__Users_akash_Desktop_capstone project_backend_backend-micro-service_backend-micro-service] INFO  o.eclipse.m2e.core.internal.Bundles - 	Entry: C:\Users\akash\.p2\pool\plugins\org.eclipse.m2e.maven.runtime_3.9.700.20240602-2313\jars\maven-settings-3.9.7.jar
2024-09-09 14:58:35,494 [Worker-44: Launching Executing install in C__Users_akash_Desktop_capstone project_backend_backend-micro-service_backend-micro-service] INFO  o.eclipse.m2e.core.internal.Bundles - 	Entry: C:\Users\akash\.p2\pool\plugins\org.eclipse.m2e.maven.runtime_3.9.700.20240602-2313\jars\maven-settings-builder-3.9.7.jar
2024-09-09 14:58:35,494 [Worker-44: Launching Executing install in C__Users_akash_Desktop_capstone project_backend_backend-micro-service_backend-micro-service] INFO  o.eclipse.m2e.core.internal.Bundles - 	Entry: C:\Users\akash\.p2\pool\plugins\org.eclipse.m2e.maven.runtime_3.9.700.20240602-2313\jars\maven-shared-utils-3.4.2.jar
2024-09-09 14:58:35,495 [Worker-44: Launching Executing install in C__Users_akash_Desktop_capstone project_backend_backend-micro-service_backend-micro-service] INFO  o.eclipse.m2e.core.internal.Bundles - 	Entry: C:\Users\akash\.p2\pool\plugins\org.eclipse.m2e.maven.runtime_3.9.700.20240602-2313\jars\org.eclipse.sisu.inject-0.9.0.M2.jar
2024-09-09 14:58:35,495 [Worker-44: Launching Executing install in C__Users_akash_Desktop_capstone project_backend_backend-micro-service_backend-micro-service] INFO  o.eclipse.m2e.core.internal.Bundles - 	Entry: C:\Users\akash\.p2\pool\plugins\org.eclipse.m2e.maven.runtime_3.9.700.20240602-2313\jars\org.eclipse.sisu.plexus-0.9.0.M2.jar
2024-09-09 14:58:35,495 [Worker-44: Launching Executing install in C__Users_akash_Desktop_capstone project_backend_backend-micro-service_backend-micro-service] INFO  o.eclipse.m2e.core.internal.Bundles - 	Entry: C:\Users\akash\.p2\pool\plugins\org.eclipse.m2e.maven.runtime_3.9.700.20240602-2313\jars\plexus-build-api-0.0.7.jar
2024-09-09 14:58:35,495 [Worker-44: Launching Executing install in C__Users_akash_Desktop_capstone project_backend_backend-micro-service_backend-micro-service] INFO  o.eclipse.m2e.core.internal.Bundles - 	Entry: C:\Users\akash\.p2\pool\plugins\org.eclipse.m2e.maven.runtime_3.9.700.20240602-2313\jars\plexus-build-api-1.2.0.jar
2024-09-09 14:58:35,495 [Worker-44: Launching Executing install in C__Users_akash_Desktop_capstone project_backend_backend-micro-service_backend-micro-service] INFO  o.eclipse.m2e.core.internal.Bundles - 	Entry: C:\Users\akash\.p2\pool\plugins\org.eclipse.m2e.maven.runtime_3.9.700.20240602-2313\jars\plexus-cipher-2.0.jar
2024-09-09 14:58:35,495 [Worker-44: Launching Executing install in C__Users_akash_Desktop_capstone project_backend_backend-micro-service_backend-micro-service] INFO  o.eclipse.m2e.core.internal.Bundles - 	Entry: C:\Users\akash\.p2\pool\plugins\org.eclipse.m2e.maven.runtime_3.9.700.20240602-2313\jars\plexus-classworlds-2.8.0.jar
2024-09-09 14:58:35,495 [Worker-44: Launching Executing install in C__Users_akash_Desktop_capstone project_backend_backend-micro-service_backend-micro-service] INFO  o.eclipse.m2e.core.internal.Bundles - 	Entry: C:\Users\akash\.p2\pool\plugins\org.eclipse.m2e.maven.runtime_3.9.700.20240602-2313\jars\plexus-component-annotations-2.1.0.jar
2024-09-09 14:58:35,495 [Worker-44: Launching Executing install in C__Users_akash_Desktop_capstone project_backend_backend-micro-service_backend-micro-service] INFO  o.eclipse.m2e.core.internal.Bundles - 	Entry: C:\Users\akash\.p2\pool\plugins\org.eclipse.m2e.maven.runtime_3.9.700.20240602-2313\jars\plexus-interpolation-1.27.jar
2024-09-09 14:58:35,495 [Worker-44: Launching Executing install in C__Users_akash_Desktop_capstone project_backend_backend-micro-service_backend-micro-service] INFO  o.eclipse.m2e.core.internal.Bundles - 	Entry: C:\Users\akash\.p2\pool\plugins\org.eclipse.m2e.maven.runtime_3.9.700.20240602-2313\jars\plexus-sec-dispatcher-2.0.jar
2024-09-09 14:58:35,495 [Worker-44: Launching Executing install in C__Users_akash_Desktop_capstone project_backend_backend-micro-service_backend-micro-service] INFO  o.eclipse.m2e.core.internal.Bundles - 	Entry: C:\Users\akash\.p2\pool\plugins\org.eclipse.m2e.maven.runtime_3.9.700.20240602-2313\jars\plexus-utils-3.5.1.jar
2024-09-09 14:58:35,495 [Worker-44: Launching Executing install in C__Users_akash_Desktop_capstone project_backend_backend-micro-service_backend-micro-service] INFO  o.eclipse.m2e.core.internal.Bundles - 	Entry: C:\Users\akash\.p2\pool\plugins\org.eclipse.m2e.maven.runtime_3.9.700.20240602-2313\jars\wagon-file-3.5.3.jar
2024-09-09 14:58:35,495 [Worker-44: Launching Executing install in C__Users_akash_Desktop_capstone project_backend_backend-micro-service_backend-micro-service] INFO  o.eclipse.m2e.core.internal.Bundles - 	Entry: C:\Users\akash\.p2\pool\plugins\org.eclipse.m2e.maven.runtime_3.9.700.20240602-2313\jars\wagon-http-3.5.3.jar
2024-09-09 14:58:35,495 [Worker-44: Launching Executing install in C__Users_akash_Desktop_capstone project_backend_backend-micro-service_backend-micro-service] INFO  o.eclipse.m2e.core.internal.Bundles - 	Entry: C:\Users\akash\.p2\pool\plugins\org.eclipse.m2e.maven.runtime_3.9.700.20240602-2313\jars\wagon-http-shared-3.5.3.jar
2024-09-09 14:58:35,496 [Worker-44: Launching Executing install in C__Users_akash_Desktop_capstone project_backend_backend-micro-service_backend-micro-service] INFO  o.eclipse.m2e.core.internal.Bundles - 	Entry: C:\Users\akash\.p2\pool\plugins\org.eclipse.m2e.maven.runtime_3.9.700.20240602-2313\jars\wagon-provider-api-3.5.3.jar
2024-09-09 14:58:35,496 [Worker-44: Launching Executing install in C__Users_akash_Desktop_capstone project_backend_backend-micro-service_backend-micro-service] INFO  o.eclipse.m2e.core.internal.Bundles - getClasspathEntries(Bundle=com.google.guava_33.2.0.jre [16])
2024-09-09 14:58:35,496 [Worker-44: Launching Executing install in C__Users_akash_Desktop_capstone project_backend_backend-micro-service_backend-micro-service] INFO  o.eclipse.m2e.core.internal.Bundles - 	Entry: C:\Users\akash\.p2\pool\plugins\com.google.guava_33.2.0.jre.jar
2024-09-09 14:58:35,496 [Worker-44: Launching Executing install in C__Users_akash_Desktop_capstone project_backend_backend-micro-service_backend-micro-service] INFO  o.eclipse.m2e.core.internal.Bundles - getClasspathEntries(Bundle=slf4j.api_2.0.13 [1009])
2024-09-09 14:58:35,496 [Worker-44: Launching Executing install in C__Users_akash_Desktop_capstone project_backend_backend-micro-service_backend-micro-service] INFO  o.eclipse.m2e.core.internal.Bundles - 	Entry: C:\Users\akash\.p2\pool\plugins\slf4j.api_2.0.13.jar
2024-09-09 14:58:35,496 [Worker-44: Launching Executing install in C__Users_akash_Desktop_capstone project_backend_backend-micro-service_backend-micro-service] INFO  o.eclipse.m2e.core.internal.Bundles - getClasspathEntries(Bundle=jakarta.inject.jakarta.inject-api_1.0.5 [33])
2024-09-09 14:58:35,497 [Worker-44: Launching Executing install in C__Users_akash_Desktop_capstone project_backend_backend-micro-service_backend-micro-service] INFO  o.eclipse.m2e.core.internal.Bundles - 	Entry: C:\Users\akash\.p2\pool\plugins\jakarta.inject.jakarta.inject-api_1.0.5.jar
2024-09-09 14:58:35,497 [Worker-44: Launching Executing install in C__Users_akash_Desktop_capstone project_backend_backend-micro-service_backend-micro-service] INFO  o.eclipse.m2e.core.internal.Bundles - getClasspathEntries(Bundle=javax.annotation_1.3.5.v20200909-1856 [44])
2024-09-09 14:58:35,497 [Worker-44: Launching Executing install in C__Users_akash_Desktop_capstone project_backend_backend-micro-service_backend-micro-service] INFO  o.eclipse.m2e.core.internal.Bundles - 	Entry: C:\Users\akash\.p2\pool\plugins\javax.annotation_1.3.5.v20200909-1856.jar
2024-09-09 14:58:35,497 [Worker-44: Launching Executing install in C__Users_akash_Desktop_capstone project_backend_backend-micro-service_backend-micro-service] INFO  o.eclipse.m2e.core.internal.Bundles - getClasspathEntries(Bundle=org.apache.commons.cli_1.8.0 [78])
2024-09-09 14:58:35,498 [Worker-44: Launching Executing install in C__Users_akash_Desktop_capstone project_backend_backend-micro-service_backend-micro-service] INFO  o.eclipse.m2e.core.internal.Bundles - 	Entry: C:\Users\akash\.p2\pool\plugins\org.apache.commons.cli_1.8.0.jar
2024-09-09 14:58:35,498 [Worker-44: Launching Executing install in C__Users_akash_Desktop_capstone project_backend_backend-micro-service_backend-micro-service] INFO  o.eclipse.m2e.core.internal.Bundles - getClasspathEntries(Bundle=org.apache.commons.commons-codec_1.16.0 [81])
2024-09-09 14:58:35,498 [Worker-44: Launching Executing install in C__Users_akash_Desktop_capstone project_backend_backend-micro-service_backend-micro-service] INFO  o.eclipse.m2e.core.internal.Bundles - 	Entry: C:\Users\akash\.p2\pool\plugins\org.apache.commons.commons-codec_1.16.0.jar
2024-09-09 14:58:35,498 [Worker-44: Launching Executing install in C__Users_akash_Desktop_capstone project_backend_backend-micro-service_backend-micro-service] INFO  o.eclipse.m2e.core.internal.Bundles - getClasspathEntries(Bundle=org.apache.commons.lang3_3.14.0 [89])
2024-09-09 14:58:35,498 [Worker-44: Launching Executing install in C__Users_akash_Desktop_capstone project_backend_backend-micro-service_backend-micro-service] INFO  o.eclipse.m2e.core.internal.Bundles - 	Entry: C:\Users\akash\.p2\pool\plugins\org.apache.commons.lang3_3.14.0.jar
2024-09-09 14:58:35,498 [Worker-44: Launching Executing install in C__Users_akash_Desktop_capstone project_backend_backend-micro-service_backend-micro-service] INFO  o.eclipse.m2e.core.internal.Bundles - getClasspathEntries(Bundle=com.google.guava.failureaccess_1.0.2 [17])
2024-09-09 14:58:35,498 [Worker-44: Launching Executing install in C__Users_akash_Desktop_capstone project_backend_backend-micro-service_backend-micro-service] INFO  o.eclipse.m2e.core.internal.Bundles - 	Entry: C:\Users\akash\.p2\pool\plugins\com.google.guava.failureaccess_1.0.2.jar
2024-09-09 14:58:35,499 [Worker-44: Launching Executing install in C__Users_akash_Desktop_capstone project_backend_backend-micro-service_backend-micro-service] INFO  o.e.m.i.launch.MavenLaunchDelegate - Run build in "C:\Users\akash\Desktop\capstone project\backend\backend-micro-service\backend-micro-service":
2024-09-09 14:58:35,500 [Worker-44: Launching Executing install in C__Users_akash_Desktop_capstone project_backend_backend-micro-service_backend-micro-service] INFO  o.e.m.i.launch.MavenLaunchDelegate -  mvn  -B -Dstyle.color=always install
2024-09-09 14:59:24,473 [Worker-42: Building] INFO  o.a.m.s.f.DefaultMavenResourcesFiltering - Copying 0 resource from src\main\resources to target\classes
2024-09-09 14:59:24,474 [Worker-42: Building] INFO  o.a.m.s.f.DefaultMavenResourcesFiltering - Copying 0 resource from src\main\resources to target\classes
2024-09-09 14:59:24,477 [Worker-42: Building] INFO  o.a.m.s.f.DefaultMavenResourcesFiltering - skip non existing resourceDirectory C:\Users\akash\Desktop\capstone project\backend\backend-micro-service\backend-micro-service\src\test\resources
2024-09-09 14:59:43,844 [Worker-44: Building] INFO  o.a.m.s.f.DefaultMavenResourcesFiltering - Copying 0 resource from src\main\resources to target\classes
2024-09-09 14:59:43,845 [Worker-44: Building] INFO  o.a.m.s.f.DefaultMavenResourcesFiltering - Copying 0 resource from src\main\resources to target\classes
2024-09-09 14:59:43,849 [Worker-44: Building] INFO  o.a.m.s.f.DefaultMavenResourcesFiltering - skip non existing resourceDirectory C:\Users\akash\Desktop\capstone project\backend\backend-micro-service\backend-micro-service\src\test\resources
2024-09-09 15:16:37,085 [Worker-38: Building] INFO  o.a.m.s.f.DefaultMavenResourcesFiltering - Copying 1 resource from src\main\resources to target\classes
2024-09-09 15:16:37,095 [Worker-38: Building] INFO  o.a.m.s.f.DefaultMavenResourcesFiltering - Copying 0 resource from src\main\resources to target\classes
2024-09-09 15:16:37,098 [Worker-38: Building] INFO  o.a.m.s.f.DefaultMavenResourcesFiltering - skip non existing resourceDirectory C:\Users\akash\Desktop\capstone project\backend\backend-micro-service\backend-micro-service\src\test\resources
2024-09-09 15:16:45,969 [Worker-38: Building] INFO  o.a.m.s.f.DefaultMavenResourcesFiltering - Copying 1 resource from src\main\resources to target\classes
2024-09-09 15:16:45,981 [Worker-38: Building] INFO  o.a.m.s.f.DefaultMavenResourcesFiltering - Copying 0 resource from src\main\resources to target\classes
2024-09-09 15:16:45,984 [Worker-38: Building] INFO  o.a.m.s.f.DefaultMavenResourcesFiltering - skip non existing resourceDirectory C:\Users\akash\Desktop\capstone project\backend\backend-micro-service\backend-micro-service\src\test\resources
2024-09-09 15:17:49,175 [Worker-51: Building] INFO  o.a.m.s.f.DefaultMavenResourcesFiltering - Copying 1 resource from src\main\resources to target\classes
2024-09-09 15:17:49,186 [Worker-51: Building] INFO  o.a.m.s.f.DefaultMavenResourcesFiltering - Copying 0 resource from src\main\resources to target\classes
2024-09-09 15:17:49,189 [Worker-51: Building] INFO  o.a.m.s.f.DefaultMavenResourcesFiltering - skip non existing resourceDirectory C:\Users\akash\Desktop\capstone project\backend\backend-micro-service\backend-micro-service\src\test\resources
